1587706777430	mozrunner::runner	INFO	Running command: "/usr/bin/firefox" "-marionette" "-foreground" "-no-remote" "-profile" "/tmp/rust_mozprofile.kip7hoLb707L"

(firefox:18046): Gtk-WARNING **: 11:09:37.696: Theme parsing error: gtk.css:3601:22: 'none' is not a valid color name
1587706778736	addons.webextension.doh-rollout@mozilla.org	WARN	Loading extension 'doh-rollout@mozilla.org': Reading manifest: Invalid extension permission: networkStatus
1587706780745	addons.webextension.screenshots@mozilla.org	WARN	Loading extension 'screenshots@mozilla.org': Reading manifest: Invalid extension permission: mozillaAddons
1587706780745	addons.webextension.screenshots@mozilla.org	WARN	Loading extension 'screenshots@mozilla.org': Reading manifest: Invalid extension permission: telemetry
1587706780745	addons.webextension.screenshots@mozilla.org	WARN	Loading extension 'screenshots@mozilla.org': Reading manifest: Invalid extension permission: resource://pdf.js/
1587706780745	addons.webextension.screenshots@mozilla.org	WARN	Loading extension 'screenshots@mozilla.org': Reading manifest: Invalid extension permission: about:reader*

(/usr/lib/firefox/firefox:18117): Gtk-WARNING **: 11:09:42.274: Theme parsing error: gtk.css:3601:22: 'none' is not a valid color name

(/usr/lib/firefox/firefox:18211): Gtk-WARNING **: 11:09:42.554: Theme parsing error: gtk.css:3601:22: 'none' is not a valid color name

(/usr/lib/firefox/firefox:18265): Gtk-WARNING **: 11:09:43.986: Theme parsing error: gtk.css:3601:22: 'none' is not a valid color name
1587706784502	Marionette	INFO	Listening on port 36529
1587706784553	Marionette	WARN	TLS certificate errors will be ignored for this session
1587706829088	mozrunner::runner	INFO	Running command: "/usr/bin/firefox" "-marionette" "-foreground" "-no-remote" "-profile" "/tmp/rust_mozprofile.83NEHo6QrxIM"

(firefox:18342): Gtk-WARNING **: 11:10:29.134: Theme parsing error: gtk.css:3601:22: 'none' is not a valid color name
1587706829903	addons.webextension.doh-rollout@mozilla.org	WARN	Loading extension 'doh-rollout@mozilla.org': Reading manifest: Invalid extension permission: networkStatus
1587706831663	addons.webextension.screenshots@mozilla.org	WARN	Loading extension 'screenshots@mozilla.org': Reading manifest: Invalid extension permission: mozillaAddons
1587706831663	addons.webextension.screenshots@mozilla.org	WARN	Loading extension 'screenshots@mozilla.org': Reading manifest: Invalid extension permission: telemetry
1587706831664	addons.webextension.screenshots@mozilla.org	WARN	Loading extension 'screenshots@mozilla.org': Reading manifest: Invalid extension permission: resource://pdf.js/
1587706831664	addons.webextension.screenshots@mozilla.org	WARN	Loading extension 'screenshots@mozilla.org': Reading manifest: Invalid extension permission: about:reader*

(/usr/lib/firefox/firefox:18394): Gtk-WARNING **: 11:10:32.286: Theme parsing error: gtk.css:3601:22: 'none' is not a valid color name

(/usr/lib/firefox/firefox:18504): Gtk-WARNING **: 11:10:33.175: Theme parsing error: gtk.css:3601:22: 'none' is not a valid color name

(/usr/lib/firefox/firefox:18574): Gtk-WARNING **: 11:10:34.098: Theme parsing error: gtk.css:3601:22: 'none' is not a valid color name
1587706834348	Marionette	INFO	Listening on port 33743
1587706834405	Marionette	WARN	TLS certificate errors will be ignored for this session
JavaScript error: https://s.go-mpulse.net/boomerang/CZ5PJ-C3ULH-UWR94-5N9HG-JMT9V, line 12: TypeError: BOOMR.getPerformance is not a function
JavaScript error: https://s.go-mpulse.net/boomerang/CZ5PJ-C3ULH-UWR94-5N9HG-JMT9V, line 12: TypeError: BOOMR.getPerformance is not a function
JavaScript error: , line 0: UnknownError: The operation failed for reasons unrelated to the database itself and not covered by any other error code.
1587706865838	Marionette	INFO	Stopped listening on port 36529
JavaScript error: https://s.go-mpulse.net/boomerang/CZ5PJ-C3ULH-UWR94-5N9HG-JMT9V, line 12: TypeError: BOOMR.getPerformance is not a function
JavaScript error: https://s.go-mpulse.net/boomerang/CZ5PJ-C3ULH-UWR94-5N9HG-JMT9V, line 12: TypeError: BOOMR.getPerformance is not a function
JavaScript error: , line 0: uncaught exception: Object
JavaScript error: https://s.go-mpulse.net/boomerang/CZ5PJ-C3ULH-UWR94-5N9HG-JMT9V, line 12: TypeError: BOOMR.getPerformance is not a function
JavaScript error: resource:///actors/ContentMetaChild.jsm, line 167: InvalidStateError: An attempt was made to use an object that is not, or is no longer, usable
1587706924788	Marionette	INFO	Stopped listening on port 33743
1587720129801	mozrunner::runner	INFO	Running command: "/usr/bin/firefox" "-marionette" "-foreground" "-no-remote" "-profile" "/tmp/rust_mozprofile.pqNsdc1XgoJ8"

(firefox:24162): Gtk-WARNING **: 14:52:09.912: Theme parsing error: gtk.css:3601:22: 'none' is not a valid color name
1587720131156	addons.webextension.doh-rollout@mozilla.org	WARN	Loading extension 'doh-rollout@mozilla.org': Reading manifest: Invalid extension permission: networkStatus
1587720133211	addons.webextension.screenshots@mozilla.org	WARN	Loading extension 'screenshots@mozilla.org': Reading manifest: Invalid extension permission: mozillaAddons
1587720133211	addons.webextension.screenshots@mozilla.org	WARN	Loading extension 'screenshots@mozilla.org': Reading manifest: Invalid extension permission: telemetry
1587720133211	addons.webextension.screenshots@mozilla.org	WARN	Loading extension 'screenshots@mozilla.org': Reading manifest: Invalid extension permission: resource://pdf.js/
1587720133212	addons.webextension.screenshots@mozilla.org	WARN	Loading extension 'screenshots@mozilla.org': Reading manifest: Invalid extension permission: about:reader*

(/usr/lib/firefox/firefox:24240): Gtk-WARNING **: 14:52:14.757: Theme parsing error: gtk.css:3601:22: 'none' is not a valid color name

(/usr/lib/firefox/firefox:24322): Gtk-WARNING **: 14:52:14.999: Theme parsing error: gtk.css:3601:22: 'none' is not a valid color name
Exiting due to channel error.
[GFX1-]: Receive IPC close with reason=AbnormalShutdown
Exiting due to channel error.
1587720157960	mozrunner::runner	INFO	Running command: "/usr/bin/firefox" "-marionette" "-foreground" "-no-remote" "-profile" "/tmp/rust_mozprofile.0zzFx1koghdB"

(firefox:24385): Gtk-WARNING **: 14:52:38.005: Theme parsing error: gtk.css:3601:22: 'none' is not a valid color name
1587720158646	addons.webextension.doh-rollout@mozilla.org	WARN	Loading extension 'doh-rollout@mozilla.org': Reading manifest: Invalid extension permission: networkStatus
1587720160639	addons.webextension.screenshots@mozilla.org	WARN	Loading extension 'screenshots@mozilla.org': Reading manifest: Invalid extension permission: mozillaAddons
1587720160639	addons.webextension.screenshots@mozilla.org	WARN	Loading extension 'screenshots@mozilla.org': Reading manifest: Invalid extension permission: telemetry
1587720160639	addons.webextension.screenshots@mozilla.org	WARN	Loading extension 'screenshots@mozilla.org': Reading manifest: Invalid extension permission: resource://pdf.js/
1587720160639	addons.webextension.screenshots@mozilla.org	WARN	Loading extension 'screenshots@mozilla.org': Reading manifest: Invalid extension permission: about:reader*

(/usr/lib/firefox/firefox:24438): Gtk-WARNING **: 14:52:41.302: Theme parsing error: gtk.css:3601:22: 'none' is not a valid color name

(/usr/lib/firefox/firefox:24523): Gtk-WARNING **: 14:52:41.500: Theme parsing error: gtk.css:3601:22: 'none' is not a valid color name

(/usr/lib/firefox/firefox:24581): Gtk-WARNING **: 14:52:42.822: Theme parsing error: gtk.css:3601:22: 'none' is not a valid color name
1587720163330	Marionette	INFO	Listening on port 39735
1587720163444	Marionette	WARN	TLS certificate errors will be ignored for this session
1587720173098	Marionette	INFO	Stopped listening on port 39735
1587720198397	mozrunner::runner	INFO	Running command: "/usr/bin/firefox" "-marionette" "-foreground" "-no-remote" "-profile" "/tmp/rust_mozprofile.VA5pKVVi1Vi8"

(firefox:24651): Gtk-WARNING **: 14:53:18.440: Theme parsing error: gtk.css:3601:22: 'none' is not a valid color name
1587720199137	addons.webextension.doh-rollout@mozilla.org	WARN	Loading extension 'doh-rollout@mozilla.org': Reading manifest: Invalid extension permission: networkStatus
1587720201087	addons.webextension.screenshots@mozilla.org	WARN	Loading extension 'screenshots@mozilla.org': Reading manifest: Invalid extension permission: mozillaAddons
1587720201087	addons.webextension.screenshots@mozilla.org	WARN	Loading extension 'screenshots@mozilla.org': Reading manifest: Invalid extension permission: telemetry
1587720201087	addons.webextension.screenshots@mozilla.org	WARN	Loading extension 'screenshots@mozilla.org': Reading manifest: Invalid extension permission: resource://pdf.js/
1587720201087	addons.webextension.screenshots@mozilla.org	WARN	Loading extension 'screenshots@mozilla.org': Reading manifest: Invalid extension permission: about:reader*

(/usr/lib/firefox/firefox:24707): Gtk-WARNING **: 14:53:21.671: Theme parsing error: gtk.css:3601:22: 'none' is not a valid color name

(/usr/lib/firefox/firefox:24800): Gtk-WARNING **: 14:53:21.921: Theme parsing error: gtk.css:3601:22: 'none' is not a valid color name

(/usr/lib/firefox/firefox:24853): Gtk-WARNING **: 14:53:23.281: Theme parsing error: gtk.css:3601:22: 'none' is not a valid color name
1587720203545	Marionette	INFO	Listening on port 46679
1587720203613	Marionette	WARN	TLS certificate errors will be ignored for this session
1587720234510	Marionette	INFO	Stopped listening on port 46679
1587728074086	mozrunner::runner	INFO	Running command: "/usr/bin/firefox" "-marionette" "-foreground" "-no-remote" "-profile" "/tmp/rust_mozprofile.AfAvqFM2ZaOc"

(firefox:30158): Gtk-WARNING **: 17:04:35.875: Theme parsing error: gtk.css:3601:22: 'none' is not a valid color name
1587728081926	addons.webextension.doh-rollout@mozilla.org	WARN	Loading extension 'doh-rollout@mozilla.org': Reading manifest: Invalid extension permission: networkStatus
1587728084560	addons.webextension.screenshots@mozilla.org	WARN	Loading extension 'screenshots@mozilla.org': Reading manifest: Invalid extension permission: mozillaAddons
1587728084560	addons.webextension.screenshots@mozilla.org	WARN	Loading extension 'screenshots@mozilla.org': Reading manifest: Invalid extension permission: telemetry
1587728084560	addons.webextension.screenshots@mozilla.org	WARN	Loading extension 'screenshots@mozilla.org': Reading manifest: Invalid extension permission: resource://pdf.js/
1587728084560	addons.webextension.screenshots@mozilla.org	WARN	Loading extension 'screenshots@mozilla.org': Reading manifest: Invalid extension permission: about:reader*

(/usr/lib/firefox/firefox:30252): Gtk-WARNING **: 17:04:48.296: Theme parsing error: gtk.css:3601:22: 'none' is not a valid color name

(/usr/lib/firefox/firefox:30348): Gtk-WARNING **: 17:04:49.164: Theme parsing error: gtk.css:3601:22: 'none' is not a valid color name

(/usr/lib/firefox/firefox:30419): Gtk-WARNING **: 17:04:52.538: Theme parsing error: gtk.css:3601:22: 'none' is not a valid color name
1587728093457	Marionette	INFO	Listening on port 37001
1587728093536	Marionette	WARN	TLS certificate errors will be ignored for this session

(/usr/lib/firefox/firefox:31149): Gtk-WARNING **: 17:11:36.783: Theme parsing error: gtk.css:3601:22: 'none' is not a valid color name
1587728506258	Marionette	INFO	Stopped listening on port 37001
1587729837281	mozrunner::runner	INFO	Running command: "/usr/bin/firefox" "-marionette" "-foreground" "-no-remote" "-profile" "/tmp/rust_mozprofile.RG3z5w1Vo8qo"

(firefox:756): Gtk-WARNING **: 17:33:57.382: Theme parsing error: gtk.css:3601:22: 'none' is not a valid color name
1587729838476	addons.webextension.doh-rollout@mozilla.org	WARN	Loading extension 'doh-rollout@mozilla.org': Reading manifest: Invalid extension permission: networkStatus
1587729840787	addons.webextension.screenshots@mozilla.org	WARN	Loading extension 'screenshots@mozilla.org': Reading manifest: Invalid extension permission: mozillaAddons
1587729840787	addons.webextension.screenshots@mozilla.org	WARN	Loading extension 'screenshots@mozilla.org': Reading manifest: Invalid extension permission: telemetry
1587729840787	addons.webextension.screenshots@mozilla.org	WARN	Loading extension 'screenshots@mozilla.org': Reading manifest: Invalid extension permission: resource://pdf.js/
1587729840787	addons.webextension.screenshots@mozilla.org	WARN	Loading extension 'screenshots@mozilla.org': Reading manifest: Invalid extension permission: about:reader*

(/usr/lib/firefox/firefox:814): Gtk-WARNING **: 17:34:01.502: Theme parsing error: gtk.css:3601:22: 'none' is not a valid color name

(/usr/lib/firefox/firefox:921): Gtk-WARNING **: 17:34:01.699: Theme parsing error: gtk.css:3601:22: 'none' is not a valid color name

(/usr/lib/firefox/firefox:974): Gtk-WARNING **: 17:34:02.656: Theme parsing error: gtk.css:3601:22: 'none' is not a valid color name
1587729842722	Marionette	INFO	Listening on port 40211
1587729842823	Marionette	WARN	TLS certificate errors will be ignored for this session
JavaScript error: resource://gre/modules/XULStore.jsm, line 66: Error: Can't find profile directory.
JavaScript error: , line 0: UnknownError: The operation failed for reasons unrelated to the database itself and not covered by any other error code.
1587729851426	Marionette	INFO	Stopped listening on port 40211
1587729941928	mozrunner::runner	INFO	Running command: "/usr/bin/firefox" "-marionette" "-foreground" "-no-remote" "-profile" "/tmp/rust_mozprofile.swIbbBNNxVTs"

(firefox:1656): Gtk-WARNING **: 17:35:41.973: Theme parsing error: gtk.css:3601:22: 'none' is not a valid color name
1587729942907	addons.webextension.doh-rollout@mozilla.org	WARN	Loading extension 'doh-rollout@mozilla.org': Reading manifest: Invalid extension permission: networkStatus
1587729945164	addons.webextension.screenshots@mozilla.org	WARN	Loading extension 'screenshots@mozilla.org': Reading manifest: Invalid extension permission: mozillaAddons
1587729945164	addons.webextension.screenshots@mozilla.org	WARN	Loading extension 'screenshots@mozilla.org': Reading manifest: Invalid extension permission: telemetry
1587729945164	addons.webextension.screenshots@mozilla.org	WARN	Loading extension 'screenshots@mozilla.org': Reading manifest: Invalid extension permission: resource://pdf.js/
1587729945164	addons.webextension.screenshots@mozilla.org	WARN	Loading extension 'screenshots@mozilla.org': Reading manifest: Invalid extension permission: about:reader*

(/usr/lib/firefox/firefox:1713): Gtk-WARNING **: 17:35:45.913: Theme parsing error: gtk.css:3601:22: 'none' is not a valid color name

(/usr/lib/firefox/firefox:1807): Gtk-WARNING **: 17:35:46.131: Theme parsing error: gtk.css:3601:22: 'none' is not a valid color name

(/usr/lib/firefox/firefox:1868): Gtk-WARNING **: 17:35:47.637: Theme parsing error: gtk.css:3601:22: 'none' is not a valid color name
1587729948060	Marionette	INFO	Listening on port 42421
1587729948155	Marionette	WARN	TLS certificate errors will be ignored for this session
1587729951356	Marionette	INFO	Stopped listening on port 42421
Exiting due to channel error.
1587729963459	mozrunner::runner	INFO	Running command: "/usr/bin/firefox" "-marionette" "-foreground" "-no-remote" "-profile" "/tmp/rust_mozprofile.LTmrxtLp80eT"

(firefox:1927): Gtk-WARNING **: 17:36:03.506: Theme parsing error: gtk.css:3601:22: 'none' is not a valid color name
1587729964184	addons.webextension.doh-rollout@mozilla.org	WARN	Loading extension 'doh-rollout@mozilla.org': Reading manifest: Invalid extension permission: networkStatus
1587729966592	addons.webextension.screenshots@mozilla.org	WARN	Loading extension 'screenshots@mozilla.org': Reading manifest: Invalid extension permission: mozillaAddons
1587729966592	addons.webextension.screenshots@mozilla.org	WARN	Loading extension 'screenshots@mozilla.org': Reading manifest: Invalid extension permission: telemetry
1587729966593	addons.webextension.screenshots@mozilla.org	WARN	Loading extension 'screenshots@mozilla.org': Reading manifest: Invalid extension permission: resource://pdf.js/
1587729966593	addons.webextension.screenshots@mozilla.org	WARN	Loading extension 'screenshots@mozilla.org': Reading manifest: Invalid extension permission: about:reader*

(/usr/lib/firefox/firefox:1983): Gtk-WARNING **: 17:36:07.428: Theme parsing error: gtk.css:3601:22: 'none' is not a valid color name

(/usr/lib/firefox/firefox:2081): Gtk-WARNING **: 17:36:07.702: Theme parsing error: gtk.css:3601:22: 'none' is not a valid color name

(/usr/lib/firefox/firefox:2164): Gtk-WARNING **: 17:36:09.462: Theme parsing error: gtk.css:3601:22: 'none' is not a valid color name
1587729969702	Marionette	INFO	Listening on port 44551
1587729969779	Marionette	WARN	TLS certificate errors will be ignored for this session
1587729972133	Marionette	INFO	Stopped listening on port 44551
1587730260796	mozrunner::runner	INFO	Running command: "/usr/bin/firefox" "-marionette" "-foreground" "-no-remote" "-profile" "/tmp/rust_mozprofile.wXK0eaGOWMLX"

(firefox:3127): Gtk-WARNING **: 17:41:00.843: Theme parsing error: gtk.css:3601:22: 'none' is not a valid color name
1587730261546	addons.webextension.doh-rollout@mozilla.org	WARN	Loading extension 'doh-rollout@mozilla.org': Reading manifest: Invalid extension permission: networkStatus
1587730263519	addons.webextension.screenshots@mozilla.org	WARN	Loading extension 'screenshots@mozilla.org': Reading manifest: Invalid extension permission: mozillaAddons
1587730263519	addons.webextension.screenshots@mozilla.org	WARN	Loading extension 'screenshots@mozilla.org': Reading manifest: Invalid extension permission: telemetry
1587730263519	addons.webextension.screenshots@mozilla.org	WARN	Loading extension 'screenshots@mozilla.org': Reading manifest: Invalid extension permission: resource://pdf.js/
1587730263519	addons.webextension.screenshots@mozilla.org	WARN	Loading extension 'screenshots@mozilla.org': Reading manifest: Invalid extension permission: about:reader*

(/usr/lib/firefox/firefox:3261): Gtk-WARNING **: 17:41:04.234: Theme parsing error: gtk.css:3601:22: 'none' is not a valid color name

(/usr/lib/firefox/firefox:3356): Gtk-WARNING **: 17:41:04.514: Theme parsing error: gtk.css:3601:22: 'none' is not a valid color name

(/usr/lib/firefox/firefox:3409): Gtk-WARNING **: 17:41:06.034: Theme parsing error: gtk.css:3601:22: 'none' is not a valid color name
1587730266349	Marionette	INFO	Listening on port 35261
1587730266416	Marionette	WARN	TLS certificate errors will be ignored for this session
1587730269300	Marionette	INFO	Stopped listening on port 35261
Invalid port. Exiting...
